<?xml version='1.0' encoding='UTF-8'?>
<testsuite hostname="diego-GT75VR-7RF" name="koans.Flight02Solutions" tests="12" errors="0" failures="0" time="0.022">
                     <properties>
[...]
</properties>
                     <testcase classname="koans.Flight02Solutions" name="Parameterize arrays with type" time="0.013">
                                                 
                                               </testcase><testcase classname="koans.Flight02Solutions" name="Array creation" time="0.002">
                                                 
                                               </testcase><testcase classname="koans.Flight02Solutions" name="List immutability" time="0.0">
                                                 
                                               </testcase><testcase classname="koans.Flight02Solutions" name="List cons" time="0.0">
                                                 
                                               </testcase><testcase classname="koans.Flight02Solutions" name="Create a list and convert to Array" time="0.003">
                                                 
                                               </testcase><testcase classname="koans.Flight02Solutions" name="Take two arrays, and concatenate them in a list" time="0.001">
                                                 
                                               </testcase><testcase classname="koans.Flight02Solutions" name="Exploring Tuples" time="0.001">
                                                 
                                               </testcase><testcase classname="koans.Flight02Solutions" name="Map a tuple to strings" time="0.0">
                                                 
                                               </testcase><testcase classname="koans.Flight02Solutions" name="Immutable set in var" time="0.001">
                                                 
                                               </testcase><testcase classname="koans.Flight02Solutions" name="Mutable set in a val" time="0.0">
                                                 
                                               </testcase><testcase classname="koans.Flight02Solutions" name="Immutable map in a var" time="0.0">
                                                 
                                               </testcase><testcase classname="koans.Flight02Solutions" name="Mutable map in a val" time="0.001">
                                                 
                                               </testcase>
                     <system-out></system-out>
                     <system-err></system-err>
                   </testsuite>